#! /opt/homebrew/Cellar/icarus-verilog/12.0/bin/vvp
:ivl_version "12.0 (stable)";
:ivl_delay_selection "TYPICAL";
:vpi_time_precision + 0;
:vpi_module "/opt/homebrew/Cellar/icarus-verilog/12.0/lib/ivl/system.vpi";
:vpi_module "/opt/homebrew/Cellar/icarus-verilog/12.0/lib/ivl/vhdl_sys.vpi";
:vpi_module "/opt/homebrew/Cellar/icarus-verilog/12.0/lib/ivl/vhdl_textio.vpi";
:vpi_module "/opt/homebrew/Cellar/icarus-verilog/12.0/lib/ivl/v2005_math.vpi";
:vpi_module "/opt/homebrew/Cellar/icarus-verilog/12.0/lib/ivl/va_math.vpi";
:vpi_module "/opt/homebrew/Cellar/icarus-verilog/12.0/lib/ivl/v2009.vpi";
S_0x13be26260 .scope package, "$unit" "$unit" 2 1;
 .timescale 0 0;
S_0x13be1fdf0 .scope module, "rk_test" "rk_test" 3 1;
 .timescale 0 0;
P_0x13be2c200 .param/l "TR" 1 3 4, +C4<00000000000000000000000000001010>;
P_0x13be2c240 .param/l "UART_TX_baud" 1 3 2, +C4<00000000000000000000000000010100>;
P_0x13be2c280 .param/l "freq" 1 3 3, +C4<00000000000000000000000011001000>;
v0x13be3e3f0_0 .var "ascii_char", 7 0;
v0x13be3e4c0_0 .var "ascii_valid", 0 0;
v0x13be3e560_0 .var "clk", 0 0;
v0x13be3e630_0 .net "output_strobe", 0 0, v0x13be3d8c0_0;  1 drivers
v0x13be3e6e0_0 .var "rst", 0 0;
v0x13be3e7b0_0 .net "sequence_valid", 0 0, v0x13be3da60_0;  1 drivers
S_0x13be0c250 .scope module, "mverify" "verify" 3 13, 4 1 0, S_0x13be1fdf0;
 .timescale 0 0;
    .port_info 0 /INPUT 1 "clk";
    .port_info 1 /INPUT 1 "rst";
    .port_info 2 /INPUT 8 "ascii_char";
    .port_info 3 /INPUT 1 "char_valid";
    .port_info 4 /OUTPUT 1 "sequence_valid";
    .port_info 5 /OUTPUT 1 "output_strobe";
P_0x13be14e30 .param/l "ERROR" 1 4 23, C4<00000000000000000000000000000100>;
P_0x13be14e70 .param/l "IDLE" 1 4 19, C4<00000000000000000000000000000000>;
P_0x13be14eb0 .param/l "MATH_SYMBOL" 1 4 22, C4<00000000000000000000000000000011>;
P_0x13be14ef0 .param/l "NUMBER" 1 4 21, C4<00000000000000000000000000000010>;
P_0x13be14f30 .param/l "START_STOP" 1 4 20, C4<00000000000000000000000000000001>;
P_0x13be14f70 .param/l "UART_TX_baud" 0 4 1, +C4<00000000000000000000000000010100>;
P_0x13be14fb0 .param/l "cnt_val" 1 4 13, +C4<000000000000000000000000000001011>;
P_0x13be14ff0 .param/l "freq" 0 4 1, +C4<00000000000000000000000011001000>;
v0x13be3d3e0_0 .net "ascii_char", 7 0, v0x13be3e3f0_0;  1 drivers
v0x13be3d470_0 .net "char_valid", 0 0, v0x13be3e4c0_0;  1 drivers
v0x13be3d500_0 .net "clk", 0 0, v0x13be3e560_0;  1 drivers
v0x13be3d590_0 .var "fl", 0 0;
v0x13be3d620_0 .var "k", 1 0;
v0x13be3d6f0_0 .net "math_symbol", 0 0, L_0x13be40140;  1 drivers
v0x13be3d780_0 .var "need_strobe_out", 0 0;
v0x13be3d810_0 .net "number", 0 0, L_0x13be3edd0;  1 drivers
v0x13be3d8c0_0 .var "output_strobe", 0 0;
v0x13be3d9d0_0 .net "rst", 0 0, v0x13be3e6e0_0;  1 drivers
v0x13be3da60_0 .var "sequence_valid", 0 0;
v0x13be3db00_0 .net "start_stop", 0 0, L_0x13be404e0;  1 drivers
v0x13be3dbb0_0 .var "state", 2 0;
v0x13be3dc40_0 .var "strobe_clk", 0 0;
v0x13be3dcd0_0 .var "strobe_cnt", 4 0;
E_0x13be0c850 .event posedge, v0x13be3d500_0;
S_0x13be0c3c0 .scope module, "ascii_detector" "ascii_type_detector" 4 27, 5 1 0, S_0x13be0c250;
 .timescale 0 0;
    .port_info 0 /INPUT 8 "ascii_char";
    .port_info 1 /OUTPUT 1 "number";
    .port_info 2 /OUTPUT 1 "math_symbol";
    .port_info 3 /OUTPUT 1 "start_stop";
L_0x13be3edd0 .functor AND 1, L_0x13be3e9f0, L_0x13be3ec90, C4<1>, C4<1>;
L_0x13be3f340 .functor OR 1, L_0x13be3f020, L_0x13be3f220, C4<0>, C4<0>;
L_0x13be3f6e0 .functor OR 1, L_0x13be3f340, L_0x13be3f5c0, C4<0>, C4<0>;
L_0x13be3fa90 .functor OR 1, L_0x13be3f6e0, L_0x13be3f9b0, C4<0>, C4<0>;
L_0x13be3fdd0 .functor OR 1, L_0x13be3fa90, L_0x13be3fcf0, C4<0>, C4<0>;
L_0x13be40140 .functor OR 1, L_0x13be3fdd0, L_0x13be40060, C4<0>, C4<0>;
L_0x130068010 .functor BUFT 1, C4<00000000000000000000000000110000>, C4<0>, C4<0>, C4<0>;
v0x13be27ab0_0 .net/2u *"_ivl_0", 31 0, L_0x130068010;  1 drivers
L_0x1300680a0 .functor BUFT 1, C4<000000000000000000000000>, C4<0>, C4<0>, C4<0>;
v0x13be3b5a0_0 .net *"_ivl_11", 23 0, L_0x1300680a0;  1 drivers
L_0x1300680e8 .functor BUFT 1, C4<00000000000000000000000000111001>, C4<0>, C4<0>, C4<0>;
v0x13be3b640_0 .net/2u *"_ivl_12", 31 0, L_0x1300680e8;  1 drivers
v0x13be3b6d0_0 .net *"_ivl_14", 0 0, L_0x13be3ec90;  1 drivers
v0x13be3b760_0 .net *"_ivl_18", 31 0, L_0x13be3ef00;  1 drivers
v0x13be3b830_0 .net *"_ivl_2", 31 0, L_0x13be3e8b0;  1 drivers
L_0x130068130 .functor BUFT 1, C4<000000000000000000000000>, C4<0>, C4<0>, C4<0>;
v0x13be3b8d0_0 .net *"_ivl_21", 23 0, L_0x130068130;  1 drivers
L_0x130068178 .functor BUFT 1, C4<00000000000000000000000000101010>, C4<0>, C4<0>, C4<0>;
v0x13be3b980_0 .net/2u *"_ivl_22", 31 0, L_0x130068178;  1 drivers
v0x13be3ba30_0 .net *"_ivl_24", 0 0, L_0x13be3f020;  1 drivers
v0x13be3bb40_0 .net *"_ivl_26", 31 0, L_0x13be3f140;  1 drivers
L_0x1300681c0 .functor BUFT 1, C4<000000000000000000000000>, C4<0>, C4<0>, C4<0>;
v0x13be3bbe0_0 .net *"_ivl_29", 23 0, L_0x1300681c0;  1 drivers
L_0x130068208 .functor BUFT 1, C4<00000000000000000000000000101011>, C4<0>, C4<0>, C4<0>;
v0x13be3bc90_0 .net/2u *"_ivl_30", 31 0, L_0x130068208;  1 drivers
v0x13be3bd40_0 .net *"_ivl_32", 0 0, L_0x13be3f220;  1 drivers
v0x13be3bde0_0 .net *"_ivl_35", 0 0, L_0x13be3f340;  1 drivers
v0x13be3be80_0 .net *"_ivl_36", 31 0, L_0x13be3f430;  1 drivers
L_0x130068250 .functor BUFT 1, C4<000000000000000000000000>, C4<0>, C4<0>, C4<0>;
v0x13be3bf30_0 .net *"_ivl_39", 23 0, L_0x130068250;  1 drivers
L_0x130068298 .functor BUFT 1, C4<00000000000000000000000000101111>, C4<0>, C4<0>, C4<0>;
v0x13be3bfe0_0 .net/2u *"_ivl_40", 31 0, L_0x130068298;  1 drivers
v0x13be3c170_0 .net *"_ivl_42", 0 0, L_0x13be3f5c0;  1 drivers
v0x13be3c200_0 .net *"_ivl_45", 0 0, L_0x13be3f6e0;  1 drivers
v0x13be3c290_0 .net *"_ivl_46", 31 0, L_0x13be3f7d0;  1 drivers
L_0x1300682e0 .functor BUFT 1, C4<000000000000000000000000>, C4<0>, C4<0>, C4<0>;
v0x13be3c340_0 .net *"_ivl_49", 23 0, L_0x1300682e0;  1 drivers
L_0x130068058 .functor BUFT 1, C4<000000000000000000000000>, C4<0>, C4<0>, C4<0>;
v0x13be3c3f0_0 .net *"_ivl_5", 23 0, L_0x130068058;  1 drivers
L_0x130068328 .functor BUFT 1, C4<00000000000000000000000000111100>, C4<0>, C4<0>, C4<0>;
v0x13be3c4a0_0 .net/2u *"_ivl_50", 31 0, L_0x130068328;  1 drivers
v0x13be3c550_0 .net *"_ivl_52", 0 0, L_0x13be3f9b0;  1 drivers
v0x13be3c5f0_0 .net *"_ivl_55", 0 0, L_0x13be3fa90;  1 drivers
v0x13be3c690_0 .net *"_ivl_56", 31 0, L_0x13be3fb80;  1 drivers
L_0x130068370 .functor BUFT 1, C4<000000000000000000000000>, C4<0>, C4<0>, C4<0>;
v0x13be3c740_0 .net *"_ivl_59", 23 0, L_0x130068370;  1 drivers
v0x13be3c7f0_0 .net *"_ivl_6", 0 0, L_0x13be3e9f0;  1 drivers
L_0x1300683b8 .functor BUFT 1, C4<00000000000000000000000000111101>, C4<0>, C4<0>, C4<0>;
v0x13be3c890_0 .net/2u *"_ivl_60", 31 0, L_0x1300683b8;  1 drivers
v0x13be3c940_0 .net *"_ivl_62", 0 0, L_0x13be3fcf0;  1 drivers
v0x13be3c9e0_0 .net *"_ivl_65", 0 0, L_0x13be3fdd0;  1 drivers
v0x13be3ca80_0 .net *"_ivl_66", 31 0, L_0x13be3fec0;  1 drivers
L_0x130068400 .functor BUFT 1, C4<000000000000000000000000>, C4<0>, C4<0>, C4<0>;
v0x13be3cb30_0 .net *"_ivl_69", 23 0, L_0x130068400;  1 drivers
L_0x130068448 .functor BUFT 1, C4<00000000000000000000000000111110>, C4<0>, C4<0>, C4<0>;
v0x13be3c090_0 .net/2u *"_ivl_70", 31 0, L_0x130068448;  1 drivers
v0x13be3cdc0_0 .net *"_ivl_72", 0 0, L_0x13be40060;  1 drivers
v0x13be3ce50_0 .net *"_ivl_76", 31 0, L_0x13be40270;  1 drivers
L_0x130068490 .functor BUFT 1, C4<000000000000000000000000>, C4<0>, C4<0>, C4<0>;
v0x13be3cee0_0 .net *"_ivl_79", 23 0, L_0x130068490;  1 drivers
v0x13be3cf90_0 .net *"_ivl_8", 31 0, L_0x13be3eb10;  1 drivers
L_0x1300684d8 .functor BUFT 1, C4<00000000000000000000000000000000>, C4<0>, C4<0>, C4<0>;
v0x13be3d040_0 .net/2u *"_ivl_80", 31 0, L_0x1300684d8;  1 drivers
v0x13be3d0f0_0 .net "ascii_char", 7 0, v0x13be3e3f0_0;  alias, 1 drivers
v0x13be3d1a0_0 .net "math_symbol", 0 0, L_0x13be40140;  alias, 1 drivers
v0x13be3d240_0 .net "number", 0 0, L_0x13be3edd0;  alias, 1 drivers
v0x13be3d2e0_0 .net "start_stop", 0 0, L_0x13be404e0;  alias, 1 drivers
L_0x13be3e8b0 .concat [ 8 24 0 0], v0x13be3e3f0_0, L_0x130068058;
L_0x13be3e9f0 .cmp/ge 32, L_0x13be3e8b0, L_0x130068010;
L_0x13be3eb10 .concat [ 8 24 0 0], v0x13be3e3f0_0, L_0x1300680a0;
L_0x13be3ec90 .cmp/ge 32, L_0x1300680e8, L_0x13be3eb10;
L_0x13be3ef00 .concat [ 8 24 0 0], v0x13be3e3f0_0, L_0x130068130;
L_0x13be3f020 .cmp/eq 32, L_0x13be3ef00, L_0x130068178;
L_0x13be3f140 .concat [ 8 24 0 0], v0x13be3e3f0_0, L_0x1300681c0;
L_0x13be3f220 .cmp/eq 32, L_0x13be3f140, L_0x130068208;
L_0x13be3f430 .concat [ 8 24 0 0], v0x13be3e3f0_0, L_0x130068250;
L_0x13be3f5c0 .cmp/eq 32, L_0x13be3f430, L_0x130068298;
L_0x13be3f7d0 .concat [ 8 24 0 0], v0x13be3e3f0_0, L_0x1300682e0;
L_0x13be3f9b0 .cmp/eq 32, L_0x13be3f7d0, L_0x130068328;
L_0x13be3fb80 .concat [ 8 24 0 0], v0x13be3e3f0_0, L_0x130068370;
L_0x13be3fcf0 .cmp/eq 32, L_0x13be3fb80, L_0x1300683b8;
L_0x13be3fec0 .concat [ 8 24 0 0], v0x13be3e3f0_0, L_0x130068400;
L_0x13be40060 .cmp/eq 32, L_0x13be3fec0, L_0x130068448;
L_0x13be40270 .concat [ 8 24 0 0], v0x13be3e3f0_0, L_0x130068490;
L_0x13be404e0 .cmp/eq 32, L_0x13be40270, L_0x1300684d8;
S_0x13be3ddf0 .scope task, "pch" "pch" 3 21, 3 21 0, S_0x13be1fdf0;
 .timescale 0 0;
v0x13be3dfc0_0 .var "putchar", 7 0;
TD_rk_test.pch ;
    %load/vec4 v0x13be3dfc0_0;
    %store/vec4 v0x13be3e3f0_0, 0, 8;
    %delay 8, 0;
    %pushi/vec4 1, 0, 1;
    %store/vec4 v0x13be3e4c0_0, 0, 1;
    %delay 2, 0;
    %pushi/vec4 0, 0, 1;
    %store/vec4 v0x13be3e4c0_0, 0, 1;
    %end;
S_0x13be3e050 .scope task, "transmit_unvalid" "transmit_unvalid" 3 47, 3 47 0, S_0x13be1fdf0;
 .timescale 0 0;
TD_rk_test.transmit_unvalid ;
    %delay 10, 0;
    %pushi/vec4 0, 0, 8;
    %store/vec4 v0x13be3dfc0_0, 0, 8;
    %fork TD_rk_test.pch, S_0x13be3ddf0;
    %join;
    %pushi/vec4 48, 0, 8;
    %store/vec4 v0x13be3dfc0_0, 0, 8;
    %fork TD_rk_test.pch, S_0x13be3ddf0;
    %join;
    %pushi/vec4 49, 0, 8;
    %store/vec4 v0x13be3dfc0_0, 0, 8;
    %fork TD_rk_test.pch, S_0x13be3ddf0;
    %join;
    %pushi/vec4 50, 0, 8;
    %store/vec4 v0x13be3dfc0_0, 0, 8;
    %fork TD_rk_test.pch, S_0x13be3ddf0;
    %join;
    %pushi/vec4 43, 0, 8;
    %store/vec4 v0x13be3dfc0_0, 0, 8;
    %fork TD_rk_test.pch, S_0x13be3ddf0;
    %join;
    %pushi/vec4 49, 0, 8;
    %store/vec4 v0x13be3dfc0_0, 0, 8;
    %fork TD_rk_test.pch, S_0x13be3ddf0;
    %join;
    %pushi/vec4 48, 0, 8;
    %store/vec4 v0x13be3dfc0_0, 0, 8;
    %fork TD_rk_test.pch, S_0x13be3ddf0;
    %join;
    %pushi/vec4 0, 0, 8;
    %store/vec4 v0x13be3dfc0_0, 0, 8;
    %fork TD_rk_test.pch, S_0x13be3ddf0;
    %join;
    %delay 10, 0;
    %end;
S_0x13be3e230 .scope task, "transmit_valid" "transmit_valid" 3 31, 3 31 0, S_0x13be1fdf0;
 .timescale 0 0;
TD_rk_test.transmit_valid ;
    %delay 10, 0;
    %pushi/vec4 0, 0, 8;
    %store/vec4 v0x13be3dfc0_0, 0, 8;
    %fork TD_rk_test.pch, S_0x13be3ddf0;
    %join;
    %pushi/vec4 48, 0, 8;
    %store/vec4 v0x13be3dfc0_0, 0, 8;
    %fork TD_rk_test.pch, S_0x13be3ddf0;
    %join;
    %pushi/vec4 49, 0, 8;
    %store/vec4 v0x13be3dfc0_0, 0, 8;
    %fork TD_rk_test.pch, S_0x13be3ddf0;
    %join;
    %pushi/vec4 50, 0, 8;
    %store/vec4 v0x13be3dfc0_0, 0, 8;
    %fork TD_rk_test.pch, S_0x13be3ddf0;
    %join;
    %pushi/vec4 43, 0, 8;
    %store/vec4 v0x13be3dfc0_0, 0, 8;
    %fork TD_rk_test.pch, S_0x13be3ddf0;
    %join;
    %pushi/vec4 50, 0, 8;
    %store/vec4 v0x13be3dfc0_0, 0, 8;
    %fork TD_rk_test.pch, S_0x13be3ddf0;
    %join;
    %pushi/vec4 49, 0, 8;
    %store/vec4 v0x13be3dfc0_0, 0, 8;
    %fork TD_rk_test.pch, S_0x13be3ddf0;
    %join;
    %pushi/vec4 48, 0, 8;
    %store/vec4 v0x13be3dfc0_0, 0, 8;
    %fork TD_rk_test.pch, S_0x13be3ddf0;
    %join;
    %pushi/vec4 0, 0, 8;
    %store/vec4 v0x13be3dfc0_0, 0, 8;
    %fork TD_rk_test.pch, S_0x13be3ddf0;
    %join;
    %delay 10, 0;
    %end;
    .scope S_0x13be0c250;
T_3 ;
    %wait E_0x13be0c850;
    %load/vec4 v0x13be3d9d0_0;
    %flag_set/vec4 8;
    %jmp/0xz  T_3.0, 8;
    %pushi/vec4 0, 0, 3;
    %assign/vec4 v0x13be3dbb0_0, 0;
    %jmp T_3.1;
T_3.0 ;
    %load/vec4 v0x13be3dbb0_0;
    %pad/u 32;
    %cmpi/e 1, 0, 32;
    %flag_get/vec4 4;
    %jmp/0 T_3.7, 4;
    %load/vec4 v0x13be3d590_0;
    %and;
T_3.7;
    %flag_set/vec4 8;
    %jmp/1 T_3.6, 8;
    %load/vec4 v0x13be3dbb0_0;
    %pad/u 32;
    %cmpi/e 4, 0, 32;
    %flag_or 8, 4;
T_3.6;
    %jmp/1 T_3.5, 8;
    %load/vec4 v0x13be3d9d0_0;
    %flag_set/vec4 9;
    %flag_or 8, 9;
T_3.5;
    %jmp/1 T_3.4, 8;
    %load/vec4 v0x13be3d470_0;
    %flag_set/vec4 9;
    %flag_or 8, 9;
T_3.4;
    %jmp/0xz  T_3.2, 8;
    %load/vec4 v0x13be3dbb0_0;
    %dup/vec4;
    %pushi/vec4 0, 0, 3;
    %cmp/u;
    %jmp/1 T_3.8, 6;
    %dup/vec4;
    %pushi/vec4 1, 0, 3;
    %cmp/u;
    %jmp/1 T_3.9, 6;
    %dup/vec4;
    %pushi/vec4 2, 0, 3;
    %cmp/u;
    %jmp/1 T_3.10, 6;
    %dup/vec4;
    %pushi/vec4 3, 0, 3;
    %cmp/u;
    %jmp/1 T_3.11, 6;
    %pushi/vec4 0, 0, 3;
    %assign/vec4 v0x13be3dbb0_0, 0;
    %jmp T_3.13;
T_3.8 ;
    %load/vec4 v0x13be3db00_0;
    %flag_set/vec4 8;
    %jmp/0 T_3.14, 8;
    %pushi/vec4 1, 0, 32;
    %jmp/1 T_3.15, 8;
T_3.14 ; End of true expr.
    %pushi/vec4 0, 0, 32;
    %jmp/0 T_3.15, 8;
 ; End of false expr.
    %blend;
T_3.15;
    %pad/u 3;
    %assign/vec4 v0x13be3dbb0_0, 0;
    %jmp T_3.13;
T_3.9 ;
    %load/vec4 v0x13be3d590_0;
    %flag_set/vec4 8;
    %jmp/0 T_3.16, 8;
    %pushi/vec4 0, 0, 32;
    %jmp/1 T_3.17, 8;
T_3.16 ; End of true expr.
    %load/vec4 v0x13be3d810_0;
    %flag_set/vec4 9;
    %jmp/0 T_3.18, 9;
    %pushi/vec4 2, 0, 32;
    %jmp/1 T_3.19, 9;
T_3.18 ; End of true expr.
    %pushi/vec4 4, 0, 32;
    %jmp/0 T_3.19, 9;
 ; End of false expr.
    %blend;
T_3.19;
    %jmp/0 T_3.17, 8;
 ; End of false expr.
    %blend;
T_3.17;
    %pad/u 3;
    %assign/vec4 v0x13be3dbb0_0, 0;
    %jmp T_3.13;
T_3.10 ;
    %load/vec4 v0x13be3d620_0;
    %pad/u 32;
    %cmpi/e 2, 0, 32;
    %flag_mov 8, 4;
    %jmp/0 T_3.20, 8;
    %load/vec4 v0x13be3d590_0;
    %nor/r;
    %flag_set/vec4 10;
    %flag_get/vec4 10;
    %jmp/0 T_3.24, 10;
    %load/vec4 v0x13be3d6f0_0;
    %and;
T_3.24;
    %flag_set/vec4 9;
    %jmp/0 T_3.22, 9;
    %pushi/vec4 3, 0, 32;
    %jmp/1 T_3.23, 9;
T_3.22 ; End of true expr.
    %load/vec4 v0x13be3d590_0;
    %flag_set/vec4 11;
    %flag_get/vec4 11;
    %jmp/0 T_3.27, 11;
    %load/vec4 v0x13be3db00_0;
    %and;
T_3.27;
    %flag_set/vec4 10;
    %jmp/0 T_3.25, 10;
    %pushi/vec4 1, 0, 32;
    %jmp/1 T_3.26, 10;
T_3.25 ; End of true expr.
    %pushi/vec4 4, 0, 32;
    %jmp/0 T_3.26, 10;
 ; End of false expr.
    %blend;
T_3.26;
    %jmp/0 T_3.23, 9;
 ; End of false expr.
    %blend;
T_3.23;
    %jmp/1 T_3.21, 8;
T_3.20 ; End of true expr.
    %load/vec4 v0x13be3d810_0;
    %flag_set/vec4 9;
    %jmp/0 T_3.28, 9;
    %pushi/vec4 2, 0, 32;
    %jmp/1 T_3.29, 9;
T_3.28 ; End of true expr.
    %pushi/vec4 4, 0, 32;
    %jmp/0 T_3.29, 9;
 ; End of false expr.
    %blend;
T_3.29;
    %jmp/0 T_3.21, 8;
 ; End of false expr.
    %blend;
T_3.21;
    %pad/u 3;
    %assign/vec4 v0x13be3dbb0_0, 0;
    %jmp T_3.13;
T_3.11 ;
    %load/vec4 v0x13be3d810_0;
    %flag_set/vec4 8;
    %jmp/0 T_3.30, 8;
    %pushi/vec4 2, 0, 32;
    %jmp/1 T_3.31, 8;
T_3.30 ; End of true expr.
    %pushi/vec4 4, 0, 32;
    %jmp/0 T_3.31, 8;
 ; End of false expr.
    %blend;
T_3.31;
    %pad/u 3;
    %assign/vec4 v0x13be3dbb0_0, 0;
    %jmp T_3.13;
T_3.13 ;
    %pop/vec4 1;
T_3.2 ;
T_3.1 ;
    %jmp T_3;
    .thread T_3;
    .scope S_0x13be0c250;
T_4 ;
    %wait E_0x13be0c850;
    %load/vec4 v0x13be3d9d0_0;
    %flag_set/vec4 8;
    %jmp/0xz  T_4.0, 8;
    %pushi/vec4 0, 0, 2;
    %assign/vec4 v0x13be3d620_0, 0;
    %pushi/vec4 0, 0, 1;
    %assign/vec4 v0x13be3dc40_0, 0;
    %pushi/vec4 11, 0, 5;
    %assign/vec4 v0x13be3dcd0_0, 0;
    %pushi/vec4 0, 0, 1;
    %assign/vec4 v0x13be3da60_0, 0;
    %pushi/vec4 0, 0, 1;
    %assign/vec4 v0x13be3d780_0, 0;
    %pushi/vec4 0, 0, 1;
    %assign/vec4 v0x13be3d590_0, 0;
    %jmp T_4.1;
T_4.0 ;
    %load/vec4 v0x13be3dcd0_0;
    %subi 1, 0, 5;
    %assign/vec4 v0x13be3dcd0_0, 0;
    %pushi/vec4 0, 0, 1;
    %assign/vec4 v0x13be3dc40_0, 0;
    %load/vec4 v0x13be3dcd0_0;
    %nor/r;
    %flag_set/vec4 8;
    %jmp/0xz  T_4.2, 8;
    %pushi/vec4 1, 0, 1;
    %assign/vec4 v0x13be3dc40_0, 0;
    %pushi/vec4 11, 0, 5;
    %assign/vec4 v0x13be3dcd0_0, 0;
T_4.2 ;
    %load/vec4 v0x13be3d470_0;
    %flag_set/vec4 8;
    %jmp/0xz  T_4.4, 8;
    %load/vec4 v0x13be3dbb0_0;
    %pad/u 32;
    %cmpi/e 2, 0, 32;
    %jmp/0xz  T_4.6, 4;
    %load/vec4 v0x13be3d620_0;
    %addi 1, 0, 2;
    %assign/vec4 v0x13be3d620_0, 0;
    %jmp T_4.7;
T_4.6 ;
    %pushi/vec4 0, 0, 2;
    %assign/vec4 v0x13be3d620_0, 0;
T_4.7 ;
    %load/vec4 v0x13be3dbb0_0;
    %pad/u 32;
    %cmpi/e 3, 0, 32;
    %jmp/0xz  T_4.8, 4;
    %pushi/vec4 1, 0, 1;
    %assign/vec4 v0x13be3d590_0, 0;
T_4.8 ;
T_4.4 ;
    %load/vec4 v0x13be3dbb0_0;
    %pad/u 32;
    %cmpi/e 4, 0, 32;
    %jmp/1 T_4.13, 4;
    %flag_mov 9, 4;
    %load/vec4 v0x13be3dbb0_0;
    %pad/u 32;
    %cmpi/e 0, 0, 32;
    %flag_or 4, 9;
T_4.13;
    %flag_get/vec4 4;
    %jmp/0 T_4.12, 4;
    %load/vec4 v0x13be3d590_0;
    %and;
T_4.12;
    %flag_set/vec4 8;
    %jmp/0xz  T_4.10, 8;
    %pushi/vec4 0, 0, 1;
    %assign/vec4 v0x13be3d590_0, 0;
    %pushi/vec4 1, 0, 1;
    %assign/vec4 v0x13be3d780_0, 0;
    %load/vec4 v0x13be3dbb0_0;
    %pad/u 32;
    %cmpi/e 0, 0, 32;
    %jmp/0xz  T_4.14, 4;
    %pushi/vec4 1, 0, 1;
    %assign/vec4 v0x13be3da60_0, 0;
T_4.14 ;
T_4.10 ;
    %load/vec4 v0x13be3d780_0;
    %flag_set/vec4 9;
    %flag_get/vec4 9;
    %jmp/0 T_4.18, 9;
    %load/vec4 v0x13be3dc40_0;
    %and;
T_4.18;
    %flag_set/vec4 8;
    %jmp/0xz  T_4.16, 8;
    %pushi/vec4 0, 0, 1;
    %assign/vec4 v0x13be3d780_0, 0;
    %pushi/vec4 1, 0, 1;
    %assign/vec4 v0x13be3d8c0_0, 0;
    %jmp T_4.17;
T_4.16 ;
    %pushi/vec4 0, 0, 1;
    %assign/vec4 v0x13be3d8c0_0, 0;
T_4.17 ;
    %load/vec4 v0x13be3da60_0;
    %flag_set/vec4 9;
    %flag_get/vec4 9;
    %jmp/0 T_4.21, 9;
    %load/vec4 v0x13be3d780_0;
    %nor/r;
    %and;
T_4.21;
    %flag_set/vec4 8;
    %jmp/0xz  T_4.19, 8;
    %pushi/vec4 0, 0, 1;
    %assign/vec4 v0x13be3da60_0, 0;
T_4.19 ;
T_4.1 ;
    %jmp T_4;
    .thread T_4;
    .scope S_0x13be1fdf0;
T_5 ;
    %pushi/vec4 0, 0, 1;
    %store/vec4 v0x13be3e560_0, 0, 1;
    %end;
    .thread T_5, $init;
    .scope S_0x13be1fdf0;
T_6 ;
    %delay 1, 0;
    %load/vec4 v0x13be3e560_0;
    %nor/r;
    %store/vec4 v0x13be3e560_0, 0, 1;
    %jmp T_6;
    .thread T_6;
    .scope S_0x13be1fdf0;
T_7 ;
    %vpi_call/w 3 63 "$dumpvars" {0 0 0};
    %pushi/vec4 0, 0, 8;
    %store/vec4 v0x13be3e3f0_0, 0, 8;
    %pushi/vec4 0, 0, 1;
    %store/vec4 v0x13be3e4c0_0, 0, 1;
    %pushi/vec4 1, 0, 1;
    %store/vec4 v0x13be3e6e0_0, 0, 1;
    %delay 100, 0;
    %pushi/vec4 0, 0, 1;
    %store/vec4 v0x13be3e6e0_0, 0, 1;
    %delay 100, 0;
    %fork TD_rk_test.transmit_valid, S_0x13be3e230;
    %join;
    %delay 1000, 0;
    %fork TD_rk_test.transmit_unvalid, S_0x13be3e050;
    %join;
    %delay 1000, 0;
    %vpi_call/w 3 74 "$finish" {0 0 0};
    %end;
    .thread T_7;
# The file index is used to find the file name in the following table.
:file_names 6;
    "N/A";
    "<interactive>";
    "-";
    "rk_test.v";
    "rk.v";
    "ascii_type_detector.v";
