#! /opt/homebrew/Cellar/icarus-verilog/12.0/bin/vvp
:ivl_version "12.0 (stable)";
:ivl_delay_selection "TYPICAL";
:vpi_time_precision + 0;
:vpi_module "/opt/homebrew/Cellar/icarus-verilog/12.0/lib/ivl/system.vpi";
:vpi_module "/opt/homebrew/Cellar/icarus-verilog/12.0/lib/ivl/vhdl_sys.vpi";
:vpi_module "/opt/homebrew/Cellar/icarus-verilog/12.0/lib/ivl/vhdl_textio.vpi";
:vpi_module "/opt/homebrew/Cellar/icarus-verilog/12.0/lib/ivl/v2005_math.vpi";
:vpi_module "/opt/homebrew/Cellar/icarus-verilog/12.0/lib/ivl/va_math.vpi";
:vpi_module "/opt/homebrew/Cellar/icarus-verilog/12.0/lib/ivl/v2009.vpi";
S_0x14ef05990 .scope package, "$unit" "$unit" 2 1;
 .timescale 0 0;
S_0x14ef05b00 .scope module, "rk_test" "rk_test" 3 6;
 .timescale 0 0;
P_0x14ef08fd0 .param/l "TR" 1 3 17, +C4<00000000000000000000000000001010>;
P_0x14ef09010 .param/l "UART_RX_BAUD" 1 3 13, +C4<00000000000000000000000000010100>;
P_0x14ef09050 .param/l "UART_TX_baud" 1 3 14, +C4<00000000000000000000000000010100>;
P_0x14ef09090 .param/l "freq" 1 3 15, +C4<00000000000000000000000011001000>;
v0x14ef1d5f0_0 .var "ascii_char", 7 0;
v0x14ef1d6e0_0 .var "ascii_valid", 0 0;
v0x14ef1d7c0_0 .var "clk", 0 0;
v0x14ef1d890_0 .net "output_strobe", 0 0, v0x14ef1c4c0_0;  1 drivers
v0x14ef1d920_0 .var "rst", 0 0;
v0x14ef1da30_0 .net "sequence_valid", 0 0, v0x14ef1c910_0;  1 drivers
S_0x14ef090d0 .scope task, "cntclk" "cntclk" 3 29, 3 29 0, S_0x14ef05b00;
 .timescale 0 0;
v0x14ef18b70_0 .var "cnt", 7 0;
TD_rk_test.cntclk ;
    %fork t_1, S_0x14ef09240;
    %jmp t_0;
    .scope S_0x14ef09240;
t_1 ;
    %pushi/vec4 0, 0, 32;
    %store/vec4 v0x14ef07170_0, 0, 32;
T_0.0 ;
    %load/vec4 v0x14ef07170_0;
    %load/vec4 v0x14ef18b70_0;
    %pad/u 32;
    %cmp/u;
    %jmp/0xz T_0.1, 5;
    %wait E_0x14ef073f0;
    %load/vec4 v0x14ef07170_0;
    %addi 1, 0, 32;
    %store/vec4 v0x14ef07170_0, 0, 32;
    %jmp T_0.0;
T_0.1 ;
    %end;
    .scope S_0x14ef090d0;
t_0 %join;
    %end;
S_0x14ef09240 .scope begin, "$ivl_for_loop0" "$ivl_for_loop0" 3 30, 3 30 0, S_0x14ef090d0;
 .timescale 0 0;
v0x14ef07170_0 .var/i "i", 31 0;
E_0x14ef073f0 .event posedge, v0x14ef1aca0_0;
S_0x14ef18c30 .scope module, "mverify" "verify" 3 66, 4 3 0, S_0x14ef05b00;
 .timescale 0 0;
    .port_info 0 /INPUT 1 "clk";
    .port_info 1 /INPUT 1 "rst";
    .port_info 2 /INPUT 8 "ascii_char";
    .port_info 3 /INPUT 1 "char_valid";
    .port_info 4 /OUTPUT 1 "sequence_valid";
    .port_info 5 /OUTPUT 1 "output_strobe";
P_0x14ef18e00 .param/l "ERROR" 1 4 82, C4<0011>;
P_0x14ef18e40 .param/l "IDLE" 1 4 79, C4<0000>;
P_0x14ef18e80 .param/l "START" 1 4 80, C4<0001>;
P_0x14ef18ec0 .param/l "STOP" 1 4 81, C4<0010>;
P_0x14ef18f00 .param/l "UART_TX_baud" 0 4 3, +C4<00000000000000000000000000010100>;
P_0x14ef18f40 .param/l "cnt_val" 1 4 26, +C4<000000000000000000000000000001011>;
P_0x14ef18f80 .param/l "freq" 0 4 3, +C4<00000000000000000000000011001000>;
v0x14ef1bb80_0 .var "already_was", 0 0;
v0x14ef1bc30_0 .net "ascii_char", 7 0, v0x14ef1d5f0_0;  1 drivers
v0x14ef1bcd0_0 .net "capital_letter", 0 0, v0x14ef197f0_0;  1 drivers
v0x14ef1bd60_0 .net "char_valid", 0 0, v0x14ef1d6e0_0;  1 drivers
v0x14ef1bdf0_0 .net "clk", 0 0, v0x14ef1d7c0_0;  1 drivers
v0x14ef1bec0_0 .net "consonant", 0 0, v0x14ef19890_0;  1 drivers
v0x14ef1bf90_0 .net "curly_braces", 0 0, v0x14ef19940_0;  1 drivers
v0x14ef1c060_0 .var "error_verify", 0 0;
v0x14ef1c0f0_0 .net "hex_digit", 0 0, v0x14ef199e0_0;  1 drivers
v0x14ef1c200_0 .net "math_symbol", 0 0, v0x14ef19ac0_0;  1 drivers
v0x14ef1c2d0_0 .var "need_strobe_out", 0 0;
v0x14ef1c360_0 .net "number", 0 0, v0x14ef19b60_0;  1 drivers
v0x14ef1c3f0_0 .net "other", 0 0, v0x14ef19c00_0;  1 drivers
v0x14ef1c4c0_0 .var "output_strobe", 0 0;
v0x14ef1c550_0 .net "parentheses", 0 0, v0x14ef19ca0_0;  1 drivers
v0x14ef1c620_0 .net "punctuation_basic", 0 0, v0x14ef19db0_0;  1 drivers
v0x14ef1c6f0_0 .net "punctuation_finance", 0 0, v0x14ef19e40_0;  1 drivers
v0x14ef1c880_0 .net "rst", 0 0, v0x14ef1d920_0;  1 drivers
v0x14ef1c910_0 .var "sequence_valid", 0 0;
v0x14ef1c9a0_0 .net "small_letter", 0 0, v0x14ef19ee0_0;  1 drivers
v0x14ef1ca30_0 .net "start_stop", 0 0, v0x14ef19f80_0;  1 drivers
v0x14ef1cac0_0 .net "state", 3 0, v0x14ef1b0d0_0;  1 drivers
v0x14ef1cb90_0 .var "strobe_clk", 0 0;
v0x14ef1cc20_0 .var "strobe_cnt", 4 0;
v0x14ef1ccb0_0 .net "vowel", 0 0, v0x14ef1a020_0;  1 drivers
v0x14ef1cd80_0 .net "whitespace", 0 0, v0x14ef1a0c0_0;  1 drivers
S_0x14ef193d0 .scope module, "ascii_detector" "ascii_type_detector" 4 61, 5 3 0, S_0x14ef18c30;
 .timescale 0 0;
    .port_info 0 /INPUT 8 "ascii_char";
    .port_info 1 /OUTPUT 1 "small_letter";
    .port_info 2 /OUTPUT 1 "capital_letter";
    .port_info 3 /OUTPUT 1 "number";
    .port_info 4 /OUTPUT 1 "hex_digit";
    .port_info 5 /OUTPUT 1 "punctuation_basic";
    .port_info 6 /OUTPUT 1 "punctuation_finance";
    .port_info 7 /OUTPUT 1 "parentheses";
    .port_info 8 /OUTPUT 1 "curly_braces";
    .port_info 9 /OUTPUT 1 "math_symbol";
    .port_info 10 /OUTPUT 1 "whitespace";
    .port_info 11 /OUTPUT 1 "vowel";
    .port_info 12 /OUTPUT 1 "consonant";
    .port_info 13 /OUTPUT 1 "start_stop";
    .port_info 14 /OUTPUT 1 "other";
v0x14ef19750_0 .net "ascii_char", 7 0, v0x14ef1d5f0_0;  alias, 1 drivers
v0x14ef197f0_0 .var "capital_letter", 0 0;
v0x14ef19890_0 .var "consonant", 0 0;
v0x14ef19940_0 .var "curly_braces", 0 0;
v0x14ef199e0_0 .var "hex_digit", 0 0;
v0x14ef19ac0_0 .var "math_symbol", 0 0;
v0x14ef19b60_0 .var "number", 0 0;
v0x14ef19c00_0 .var "other", 0 0;
v0x14ef19ca0_0 .var "parentheses", 0 0;
v0x14ef19db0_0 .var "punctuation_basic", 0 0;
v0x14ef19e40_0 .var "punctuation_finance", 0 0;
v0x14ef19ee0_0 .var "small_letter", 0 0;
v0x14ef19f80_0 .var "start_stop", 0 0;
v0x14ef1a020_0 .var "vowel", 0 0;
v0x14ef1a0c0_0 .var "whitespace", 0 0;
E_0x14ef196b0/0 .event anyedge, v0x14ef19750_0, v0x14ef19b60_0, v0x14ef19ee0_0, v0x14ef197f0_0;
E_0x14ef196b0/1 .event anyedge, v0x14ef199e0_0, v0x14ef19db0_0, v0x14ef19e40_0, v0x14ef19ca0_0;
E_0x14ef196b0/2 .event anyedge, v0x14ef19940_0, v0x14ef19ac0_0, v0x14ef1a0c0_0, v0x14ef1a020_0;
E_0x14ef196b0 .event/or E_0x14ef196b0/0, E_0x14ef196b0/1, E_0x14ef196b0/2;
S_0x14ef1a2d0 .scope module, "prob" "tsk" 4 36, 6 5 0, S_0x14ef18c30;
 .timescale 0 0;
    .port_info 0 /INPUT 4 "state";
    .port_info 1 /INPUT 1 "rst";
    .port_info 2 /INPUT 1 "clk";
    .port_info 3 /INPUT 1 "valid";
    .port_info 4 /INPUT 1 "error_verify";
    .port_info 5 /OUTPUT 4 "next_state";
    .port_info 6 /INPUT 1 "start_stop";
    .port_info 7 /INPUT 1 "small_letter";
    .port_info 8 /INPUT 1 "capital_letter";
    .port_info 9 /INPUT 1 "number";
    .port_info 10 /INPUT 1 "hex_digit";
    .port_info 11 /INPUT 1 "punctuation_basic";
    .port_info 12 /INPUT 1 "punctuation_finance";
    .port_info 13 /INPUT 1 "parentheses";
    .port_info 14 /INPUT 1 "curly_braces";
    .port_info 15 /INPUT 1 "math_symbol";
    .port_info 16 /INPUT 1 "whitespace";
    .port_info 17 /INPUT 1 "vowel";
    .port_info 18 /INPUT 1 "consonant";
    .port_info 19 /INPUT 1 "other";
P_0x14ef1a490 .param/l "ERROR" 1 6 35, +C4<00000000000000000000000000000011>;
P_0x14ef1a4d0 .param/l "IDLE" 1 6 32, +C4<00000000000000000000000000000000>;
P_0x14ef1a510 .param/l "MATHSYMBOL" 1 6 40, +C4<00000000000000000000000000000101>;
P_0x14ef1a550 .param/l "NUMBER" 1 6 41, +C4<00000000000000000000000000000110>;
P_0x14ef1a590 .param/l "PARENTHESES1" 1 6 39, +C4<00000000000000000000000000000100>;
P_0x14ef1a5d0 .param/l "PARENTHESES2" 1 6 42, +C4<00000000000000000000000000000111>;
P_0x14ef1a610 .param/l "START" 1 6 33, +C4<00000000000000000000000000000001>;
P_0x14ef1a650 .param/l "STOP" 1 6 34, +C4<00000000000000000000000000000010>;
v0x14ef1abf0_0 .net "capital_letter", 0 0, v0x14ef197f0_0;  alias, 1 drivers
v0x14ef1aca0_0 .net "clk", 0 0, v0x14ef1d7c0_0;  alias, 1 drivers
v0x14ef1ad30_0 .net "consonant", 0 0, v0x14ef19890_0;  alias, 1 drivers
v0x14ef1adc0_0 .net "curly_braces", 0 0, v0x14ef19940_0;  alias, 1 drivers
v0x14ef1ae50_0 .net "error_verify", 0 0, v0x14ef1c060_0;  1 drivers
v0x14ef1af20_0 .net "hex_digit", 0 0, v0x14ef199e0_0;  alias, 1 drivers
v0x14ef1afb0_0 .var "k", 2 0;
v0x14ef1b040_0 .net "math_symbol", 0 0, v0x14ef19ac0_0;  alias, 1 drivers
v0x14ef1b0d0_0 .var "next_state", 3 0;
v0x14ef1b1e0_0 .net "number", 0 0, v0x14ef19b60_0;  alias, 1 drivers
v0x14ef1b290_0 .net "other", 0 0, v0x14ef19c00_0;  alias, 1 drivers
v0x14ef1b320_0 .net "parentheses", 0 0, v0x14ef19ca0_0;  alias, 1 drivers
v0x14ef1b3b0_0 .net "punctuation_basic", 0 0, v0x14ef19db0_0;  alias, 1 drivers
v0x14ef1b460_0 .net "punctuation_finance", 0 0, v0x14ef19e40_0;  alias, 1 drivers
v0x14ef1b510_0 .net "rst", 0 0, v0x14ef1d920_0;  alias, 1 drivers
v0x14ef1b5a0_0 .net "small_letter", 0 0, v0x14ef19ee0_0;  alias, 1 drivers
v0x14ef1b630_0 .net "start_stop", 0 0, v0x14ef19f80_0;  alias, 1 drivers
v0x14ef1b7e0_0 .net "state", 3 0, v0x14ef1b0d0_0;  alias, 1 drivers
v0x14ef1b870_0 .net "valid", 0 0, v0x14ef1d6e0_0;  alias, 1 drivers
v0x14ef1b900_0 .net "vowel", 0 0, v0x14ef1a020_0;  alias, 1 drivers
v0x14ef1b990_0 .net "whitespace", 0 0, v0x14ef1a0c0_0;  alias, 1 drivers
S_0x14ef1ce50 .scope task, "pch" "pch" 3 33, 3 33 0, S_0x14ef05b00;
 .timescale 0 0;
v0x14ef1d010_0 .var "putchar", 7 0;
TD_rk_test.pch ;
    %load/vec4 v0x14ef1d010_0;
    %store/vec4 v0x14ef1d5f0_0, 0, 8;
    %pushi/vec4 9, 0, 8;
    %store/vec4 v0x14ef18b70_0, 0, 8;
    %fork TD_rk_test.cntclk, S_0x14ef090d0;
    %join;
    %pushi/vec4 1, 0, 1;
    %store/vec4 v0x14ef1d6e0_0, 0, 1;
    %pushi/vec4 1, 0, 8;
    %store/vec4 v0x14ef18b70_0, 0, 8;
    %fork TD_rk_test.cntclk, S_0x14ef090d0;
    %join;
    %pushi/vec4 0, 0, 1;
    %store/vec4 v0x14ef1d6e0_0, 0, 1;
    %end;
S_0x14ef1d0a0 .scope task, "transmit" "transmit" 3 43, 3 43 0, S_0x14ef05b00;
 .timescale 0 0;
v0x14ef1d540_0 .var "str", 799 0;
TD_rk_test.transmit ;
    %fork t_3, S_0x14ef1d260;
    %jmp t_2;
    .scope S_0x14ef1d260;
t_3 ;
    %pushi/vec4 0, 0, 32;
    %store/vec4 v0x14ef1d4b0_0, 0, 32;
    %pushi/vec4 0, 0, 32;
    %store/vec4 v0x14ef1d420_0, 0, 32;
T_2.2 ;
    %load/vec4 v0x14ef1d420_0;
    %cmpi/s 100, 0, 32;
    %jmp/0xz T_2.3, 5;
    %load/vec4 v0x14ef1d540_0;
    %load/vec4 v0x14ef1d420_0;
    %muli 8, 0, 32;
    %part/s 8;
    %pad/u 32;
    %cmpi/ne 0, 0, 32;
    %jmp/0xz  T_2.4, 4;
    %load/vec4 v0x14ef1d4b0_0;
    %addi 1, 0, 32;
    %store/vec4 v0x14ef1d4b0_0, 0, 32;
T_2.4 ;
    %load/vec4 v0x14ef1d420_0;
    %addi 1, 0, 32;
    %store/vec4 v0x14ef1d420_0, 0, 32;
    %jmp T_2.2;
T_2.3 ;
    %pushi/vec4 0, 0, 8;
    %store/vec4 v0x14ef1d010_0, 0, 8;
    %fork TD_rk_test.pch, S_0x14ef1ce50;
    %join;
    %load/vec4 v0x14ef1d4b0_0;
    %subi 1, 0, 32;
    %store/vec4 v0x14ef1d420_0, 0, 32;
T_2.6 ;
    %load/vec4 v0x14ef1d420_0;
    %cmpi/s 0, 0, 32;
    %flag_inv 5; GE is !LT
    %jmp/0xz T_2.7, 5;
    %load/vec4 v0x14ef1d540_0;
    %load/vec4 v0x14ef1d420_0;
    %muli 8, 0, 32;
    %part/s 8;
    %store/vec4 v0x14ef1d010_0, 0, 8;
    %fork TD_rk_test.pch, S_0x14ef1ce50;
    %join;
    %load/vec4 v0x14ef1d420_0;
    %subi 1, 0, 32;
    %store/vec4 v0x14ef1d420_0, 0, 32;
    %jmp T_2.6;
T_2.7 ;
    %pushi/vec4 0, 0, 8;
    %store/vec4 v0x14ef1d010_0, 0, 8;
    %fork TD_rk_test.pch, S_0x14ef1ce50;
    %join;
    %pushi/vec4 100, 0, 8;
    %store/vec4 v0x14ef18b70_0, 0, 8;
    %fork TD_rk_test.cntclk, S_0x14ef090d0;
    %join;
    %end;
    .scope S_0x14ef1d0a0;
t_2 %join;
    %end;
S_0x14ef1d260 .scope begin, "$unm_blk_12" "$unm_blk_12" 3 44, 3 44 0, S_0x14ef1d0a0;
 .timescale 0 0;
v0x14ef1d420_0 .var/i "i", 31 0;
v0x14ef1d4b0_0 .var/i "len", 31 0;
    .scope S_0x14ef1a2d0;
T_3 ;
    %wait E_0x14ef073f0;
    %load/vec4 v0x14ef1b510_0;
    %flag_set/vec4 8;
    %jmp/0xz  T_3.0, 8;
    %pushi/vec4 0, 0, 4;
    %assign/vec4 v0x14ef1b0d0_0, 0;
    %pushi/vec4 0, 0, 3;
    %store/vec4 v0x14ef1afb0_0, 0, 3;
    %jmp T_3.1;
T_3.0 ;
    %load/vec4 v0x14ef1b7e0_0;
    %pad/u 32;
    %cmpi/e 2, 0, 32;
    %jmp/1 T_3.5, 4;
    %flag_mov 8, 4;
    %load/vec4 v0x14ef1b870_0;
    %flag_set/vec4 9;
    %flag_or 9, 8;
    %flag_mov 4, 9;
T_3.5;
    %jmp/1 T_3.4, 4;
    %flag_mov 8, 4;
    %load/vec4 v0x14ef1b7e0_0;
    %pad/u 32;
    %cmpi/e 3, 0, 32;
    %flag_or 4, 8;
T_3.4;
    %jmp/0xz  T_3.2, 4;
    %load/vec4 v0x14ef1b7e0_0;
    %pad/u 32;
    %cmpi/e 6, 0, 32;
    %flag_mov 8, 4;
    %jmp/0 T_3.6, 8;
    %load/vec4 v0x14ef1afb0_0;
    %addi 1, 0, 3;
    %jmp/1 T_3.7, 8;
T_3.6 ; End of true expr.
    %pushi/vec4 0, 0, 3;
    %jmp/0 T_3.7, 8;
 ; End of false expr.
    %blend;
T_3.7;
    %assign/vec4 v0x14ef1afb0_0, 0;
    %load/vec4 v0x14ef1b7e0_0;
    %dup/vec4;
    %pushi/vec4 0, 0, 4;
    %cmp/u;
    %jmp/1 T_3.8, 6;
    %dup/vec4;
    %pushi/vec4 1, 0, 4;
    %cmp/u;
    %jmp/1 T_3.9, 6;
    %dup/vec4;
    %pushi/vec4 3, 0, 4;
    %cmp/u;
    %jmp/1 T_3.10, 6;
    %dup/vec4;
    %pushi/vec4 4, 0, 4;
    %cmp/u;
    %jmp/1 T_3.12, 6;
    %dup/vec4;
    %pushi/vec4 5, 0, 4;
    %cmp/u;
    %jmp/1 T_3.13, 6;
    %dup/vec4;
    %pushi/vec4 6, 0, 4;
    %cmp/u;
    %jmp/1 T_3.14, 6;
    %dup/vec4;
    %pushi/vec4 7, 0, 4;
    %cmp/u;
    %jmp/1 T_3.15, 6;
    %pushi/vec4 0, 0, 4;
    %assign/vec4 v0x14ef1b0d0_0, 0;
    %jmp T_3.16;
T_3.8 ;
    %load/vec4 v0x14ef1b630_0;
    %flag_set/vec4 8;
    %jmp/0 T_3.17, 8;
    %pushi/vec4 1, 0, 32;
    %jmp/1 T_3.18, 8;
T_3.17 ; End of true expr.
    %pushi/vec4 0, 0, 32;
    %jmp/0 T_3.18, 8;
 ; End of false expr.
    %blend;
T_3.18;
    %pad/s 4;
    %assign/vec4 v0x14ef1b0d0_0, 0;
    %jmp T_3.16;
T_3.9 ;
    %load/vec4 v0x14ef1b320_0;
    %flag_set/vec4 8;
    %jmp/0 T_3.19, 8;
    %pushi/vec4 4, 0, 32;
    %jmp/1 T_3.20, 8;
T_3.19 ; End of true expr.
    %pushi/vec4 3, 0, 32;
    %jmp/0 T_3.20, 8;
 ; End of false expr.
    %blend;
T_3.20;
    %pad/s 4;
    %assign/vec4 v0x14ef1b0d0_0, 0;
    %jmp T_3.16;
T_3.10 ;
    %load/vec4 v0x14ef1ae50_0;
    %flag_set/vec4 8;
    %jmp/1 T_3.23, 8;
    %load/vec4 v0x14ef1b630_0;
    %flag_set/vec4 10;
    %flag_get/vec4 10;
    %jmp/0 T_3.24, 10;
    %load/vec4 v0x14ef1b870_0;
    %and;
T_3.24;
    %flag_set/vec4 9;
    %flag_or 8, 9;
T_3.23;
    %jmp/0 T_3.21, 8;
    %pushi/vec4 0, 0, 32;
    %jmp/1 T_3.22, 8;
T_3.21 ; End of true expr.
    %pushi/vec4 3, 0, 32;
    %jmp/0 T_3.22, 8;
 ; End of false expr.
    %blend;
T_3.22;
    %pad/s 4;
    %assign/vec4 v0x14ef1b0d0_0, 0;
    %jmp T_3.16;
T_3.12 ;
    %load/vec4 v0x14ef1b040_0;
    %flag_set/vec4 8;
    %jmp/0 T_3.25, 8;
    %pushi/vec4 5, 0, 32;
    %jmp/1 T_3.26, 8;
T_3.25 ; End of true expr.
    %pushi/vec4 3, 0, 32;
    %jmp/0 T_3.26, 8;
 ; End of false expr.
    %blend;
T_3.26;
    %pad/s 4;
    %assign/vec4 v0x14ef1b0d0_0, 0;
    %jmp T_3.16;
T_3.13 ;
    %load/vec4 v0x14ef1b1e0_0;
    %flag_set/vec4 8;
    %jmp/0 T_3.27, 8;
    %pushi/vec4 6, 0, 32;
    %jmp/1 T_3.28, 8;
T_3.27 ; End of true expr.
    %pushi/vec4 3, 0, 32;
    %jmp/0 T_3.28, 8;
 ; End of false expr.
    %blend;
T_3.28;
    %pad/s 4;
    %assign/vec4 v0x14ef1b0d0_0, 0;
    %jmp T_3.16;
T_3.14 ;
    %load/vec4 v0x14ef1afb0_0;
    %pad/u 32;
    %cmpi/e 1, 0, 32;
    %flag_get/vec4 4;
    %jmp/0 T_3.31, 4;
    %load/vec4 v0x14ef1b320_0;
    %and;
T_3.31;
    %flag_set/vec4 8;
    %jmp/0 T_3.29, 8;
    %pushi/vec4 7, 0, 32;
    %jmp/1 T_3.30, 8;
T_3.29 ; End of true expr.
    %load/vec4 v0x14ef1afb0_0;
    %pad/u 32;
    %cmpi/e 0, 0, 32;
    %flag_get/vec4 4;
    %jmp/0 T_3.34, 4;
    %load/vec4 v0x14ef1b1e0_0;
    %and;
T_3.34;
    %flag_set/vec4 9;
    %jmp/0 T_3.32, 9;
    %pushi/vec4 6, 0, 32;
    %jmp/1 T_3.33, 9;
T_3.32 ; End of true expr.
    %pushi/vec4 3, 0, 32;
    %jmp/0 T_3.33, 9;
 ; End of false expr.
    %blend;
T_3.33;
    %jmp/0 T_3.30, 8;
 ; End of false expr.
    %blend;
T_3.30;
    %pad/s 4;
    %assign/vec4 v0x14ef1b0d0_0, 0;
    %jmp T_3.16;
T_3.15 ;
    %load/vec4 v0x14ef1b630_0;
    %flag_set/vec4 8;
    %jmp/0 T_3.35, 8;
    %pushi/vec4 2, 0, 32;
    %jmp/1 T_3.36, 8;
T_3.35 ; End of true expr.
    %pushi/vec4 3, 0, 32;
    %jmp/0 T_3.36, 8;
 ; End of false expr.
    %blend;
T_3.36;
    %pad/s 4;
    %assign/vec4 v0x14ef1b0d0_0, 0;
    %jmp T_3.16;
T_3.16 ;
    %pop/vec4 1;
T_3.2 ;
T_3.1 ;
    %jmp T_3;
    .thread T_3;
    .scope S_0x14ef193d0;
T_4 ;
    %wait E_0x14ef196b0;
    %pushi/vec4 0, 0, 1;
    %store/vec4 v0x14ef19ee0_0, 0, 1;
    %pushi/vec4 0, 0, 1;
    %store/vec4 v0x14ef197f0_0, 0, 1;
    %pushi/vec4 0, 0, 1;
    %store/vec4 v0x14ef19b60_0, 0, 1;
    %pushi/vec4 0, 0, 1;
    %store/vec4 v0x14ef199e0_0, 0, 1;
    %pushi/vec4 0, 0, 1;
    %store/vec4 v0x14ef19db0_0, 0, 1;
    %pushi/vec4 0, 0, 1;
    %store/vec4 v0x14ef19e40_0, 0, 1;
    %pushi/vec4 0, 0, 1;
    %store/vec4 v0x14ef19ca0_0, 0, 1;
    %pushi/vec4 0, 0, 1;
    %store/vec4 v0x14ef19940_0, 0, 1;
    %pushi/vec4 0, 0, 1;
    %store/vec4 v0x14ef19ac0_0, 0, 1;
    %pushi/vec4 0, 0, 1;
    %store/vec4 v0x14ef1a0c0_0, 0, 1;
    %pushi/vec4 0, 0, 1;
    %store/vec4 v0x14ef1a020_0, 0, 1;
    %pushi/vec4 0, 0, 1;
    %store/vec4 v0x14ef19f80_0, 0, 1;
    %pushi/vec4 0, 0, 1;
    %store/vec4 v0x14ef19c00_0, 0, 1;
    %pushi/vec4 0, 0, 1;
    %store/vec4 v0x14ef19890_0, 0, 1;
    %load/vec4 v0x14ef19750_0;
    %cmpi/u 97, 0, 8;
    %flag_inv 5; GE is !LT
    %flag_get/vec4 5;
    %jmp/0 T_4.2, 5;
    %load/vec4 v0x14ef19750_0;
    %cmpi/u 122, 0, 8;
    %flag_get/vec4 4;
    %flag_get/vec4 5;
    %or;
    %and;
T_4.2;
    %flag_set/vec4 8;
    %jmp/0xz  T_4.0, 8;
    %pushi/vec4 1, 0, 1;
    %store/vec4 v0x14ef19ee0_0, 0, 1;
T_4.0 ;
    %load/vec4 v0x14ef19750_0;
    %cmpi/u 65, 0, 8;
    %flag_inv 5; GE is !LT
    %flag_get/vec4 5;
    %jmp/0 T_4.5, 5;
    %load/vec4 v0x14ef19750_0;
    %cmpi/u 90, 0, 8;
    %flag_get/vec4 4;
    %flag_get/vec4 5;
    %or;
    %and;
T_4.5;
    %flag_set/vec4 8;
    %jmp/0xz  T_4.3, 8;
    %pushi/vec4 1, 0, 1;
    %store/vec4 v0x14ef197f0_0, 0, 1;
T_4.3 ;
    %load/vec4 v0x14ef19750_0;
    %cmpi/u 48, 0, 8;
    %flag_inv 5; GE is !LT
    %flag_get/vec4 5;
    %jmp/0 T_4.8, 5;
    %load/vec4 v0x14ef19750_0;
    %cmpi/u 57, 0, 8;
    %flag_get/vec4 4;
    %flag_get/vec4 5;
    %or;
    %and;
T_4.8;
    %flag_set/vec4 8;
    %jmp/0xz  T_4.6, 8;
    %pushi/vec4 1, 0, 1;
    %store/vec4 v0x14ef19b60_0, 0, 1;
T_4.6 ;
    %load/vec4 v0x14ef19750_0;
    %cmpi/u 65, 0, 8;
    %flag_inv 5; GE is !LT
    %flag_get/vec4 5;
    %jmp/0 T_4.11, 5;
    %load/vec4 v0x14ef19750_0;
    %cmpi/u 70, 0, 8;
    %flag_get/vec4 4;
    %flag_get/vec4 5;
    %or;
    %and;
T_4.11;
    %flag_set/vec4 8;
    %jmp/0xz  T_4.9, 8;
    %pushi/vec4 1, 0, 1;
    %store/vec4 v0x14ef199e0_0, 0, 1;
T_4.9 ;
    %load/vec4 v0x14ef19750_0;
    %cmpi/u 97, 0, 8;
    %flag_inv 5; GE is !LT
    %flag_get/vec4 5;
    %jmp/0 T_4.14, 5;
    %load/vec4 v0x14ef19750_0;
    %cmpi/u 102, 0, 8;
    %flag_get/vec4 4;
    %flag_get/vec4 5;
    %or;
    %and;
T_4.14;
    %flag_set/vec4 8;
    %jmp/0xz  T_4.12, 8;
    %pushi/vec4 1, 0, 1;
    %store/vec4 v0x14ef199e0_0, 0, 1;
T_4.12 ;
    %load/vec4 v0x14ef19b60_0;
    %flag_set/vec4 8;
    %jmp/0xz  T_4.15, 8;
    %pushi/vec4 1, 0, 1;
    %store/vec4 v0x14ef199e0_0, 0, 1;
T_4.15 ;
    %load/vec4 v0x14ef19750_0;
    %cmpi/e 46, 0, 8;
    %jmp/1 T_4.25, 4;
    %flag_mov 8, 4;
    %load/vec4 v0x14ef19750_0;
    %cmpi/e 44, 0, 8;
    %flag_or 4, 8;
T_4.25;
    %jmp/1 T_4.24, 4;
    %flag_mov 8, 4;
    %load/vec4 v0x14ef19750_0;
    %cmpi/e 58, 0, 8;
    %flag_or 4, 8;
T_4.24;
    %jmp/1 T_4.23, 4;
    %flag_mov 8, 4;
    %load/vec4 v0x14ef19750_0;
    %cmpi/e 59, 0, 8;
    %flag_or 4, 8;
T_4.23;
    %jmp/1 T_4.22, 4;
    %flag_mov 8, 4;
    %load/vec4 v0x14ef19750_0;
    %cmpi/e 33, 0, 8;
    %flag_or 4, 8;
T_4.22;
    %jmp/1 T_4.21, 4;
    %flag_mov 8, 4;
    %load/vec4 v0x14ef19750_0;
    %cmpi/e 63, 0, 8;
    %flag_or 4, 8;
T_4.21;
    %jmp/1 T_4.20, 4;
    %flag_mov 8, 4;
    %load/vec4 v0x14ef19750_0;
    %cmpi/e 39, 0, 8;
    %flag_or 4, 8;
T_4.20;
    %jmp/1 T_4.19, 4;
    %flag_mov 8, 4;
    %load/vec4 v0x14ef19750_0;
    %cmpi/e 34, 0, 8;
    %flag_or 4, 8;
T_4.19;
    %jmp/0xz  T_4.17, 4;
    %pushi/vec4 1, 0, 1;
    %store/vec4 v0x14ef19db0_0, 0, 1;
T_4.17 ;
    %load/vec4 v0x14ef19750_0;
    %cmpi/e 35, 0, 8;
    %jmp/1 T_4.31, 4;
    %flag_mov 8, 4;
    %load/vec4 v0x14ef19750_0;
    %cmpi/e 36, 0, 8;
    %flag_or 4, 8;
T_4.31;
    %jmp/1 T_4.30, 4;
    %flag_mov 8, 4;
    %load/vec4 v0x14ef19750_0;
    %cmpi/e 37, 0, 8;
    %flag_or 4, 8;
T_4.30;
    %jmp/1 T_4.29, 4;
    %flag_mov 8, 4;
    %load/vec4 v0x14ef19750_0;
    %cmpi/e 38, 0, 8;
    %flag_or 4, 8;
T_4.29;
    %jmp/1 T_4.28, 4;
    %flag_mov 8, 4;
    %load/vec4 v0x14ef19750_0;
    %cmpi/e 64, 0, 8;
    %flag_or 4, 8;
T_4.28;
    %jmp/0xz  T_4.26, 4;
    %pushi/vec4 1, 0, 1;
    %store/vec4 v0x14ef19e40_0, 0, 1;
T_4.26 ;
    %load/vec4 v0x14ef19750_0;
    %cmpi/e 40, 0, 8;
    %jmp/1 T_4.36, 4;
    %flag_mov 8, 4;
    %load/vec4 v0x14ef19750_0;
    %cmpi/e 41, 0, 8;
    %flag_or 4, 8;
T_4.36;
    %jmp/1 T_4.35, 4;
    %flag_mov 8, 4;
    %load/vec4 v0x14ef19750_0;
    %cmpi/e 91, 0, 8;
    %flag_or 4, 8;
T_4.35;
    %jmp/1 T_4.34, 4;
    %flag_mov 8, 4;
    %load/vec4 v0x14ef19750_0;
    %cmpi/e 93, 0, 8;
    %flag_or 4, 8;
T_4.34;
    %jmp/0xz  T_4.32, 4;
    %pushi/vec4 1, 0, 1;
    %store/vec4 v0x14ef19ca0_0, 0, 1;
T_4.32 ;
    %load/vec4 v0x14ef19750_0;
    %cmpi/e 123, 0, 8;
    %jmp/1 T_4.39, 4;
    %flag_mov 8, 4;
    %load/vec4 v0x14ef19750_0;
    %cmpi/e 125, 0, 8;
    %flag_or 4, 8;
T_4.39;
    %jmp/0xz  T_4.37, 4;
    %pushi/vec4 1, 0, 1;
    %store/vec4 v0x14ef19940_0, 0, 1;
T_4.37 ;
    %load/vec4 v0x14ef19750_0;
    %cmpi/e 43, 0, 8;
    %jmp/1 T_4.48, 4;
    %flag_mov 8, 4;
    %load/vec4 v0x14ef19750_0;
    %cmpi/e 45, 0, 8;
    %flag_or 4, 8;
T_4.48;
    %jmp/1 T_4.47, 4;
    %flag_mov 8, 4;
    %load/vec4 v0x14ef19750_0;
    %cmpi/e 42, 0, 8;
    %flag_or 4, 8;
T_4.47;
    %jmp/1 T_4.46, 4;
    %flag_mov 8, 4;
    %load/vec4 v0x14ef19750_0;
    %cmpi/e 47, 0, 8;
    %flag_or 4, 8;
T_4.46;
    %jmp/1 T_4.45, 4;
    %flag_mov 8, 4;
    %load/vec4 v0x14ef19750_0;
    %cmpi/e 92, 0, 8;
    %flag_or 4, 8;
T_4.45;
    %jmp/1 T_4.44, 4;
    %flag_mov 8, 4;
    %load/vec4 v0x14ef19750_0;
    %cmpi/e 61, 0, 8;
    %flag_or 4, 8;
T_4.44;
    %jmp/1 T_4.43, 4;
    %flag_mov 8, 4;
    %load/vec4 v0x14ef19750_0;
    %cmpi/e 60, 0, 8;
    %flag_or 4, 8;
T_4.43;
    %jmp/1 T_4.42, 4;
    %flag_mov 8, 4;
    %load/vec4 v0x14ef19750_0;
    %cmpi/e 62, 0, 8;
    %flag_or 4, 8;
T_4.42;
    %jmp/0xz  T_4.40, 4;
    %pushi/vec4 1, 0, 1;
    %store/vec4 v0x14ef19ac0_0, 0, 1;
T_4.40 ;
    %load/vec4 v0x14ef19750_0;
    %cmpi/e 32, 0, 8;
    %jmp/1 T_4.53, 4;
    %flag_mov 8, 4;
    %load/vec4 v0x14ef19750_0;
    %cmpi/e 9, 0, 8;
    %flag_or 4, 8;
T_4.53;
    %jmp/1 T_4.52, 4;
    %flag_mov 8, 4;
    %load/vec4 v0x14ef19750_0;
    %cmpi/e 10, 0, 8;
    %flag_or 4, 8;
T_4.52;
    %jmp/1 T_4.51, 4;
    %flag_mov 8, 4;
    %load/vec4 v0x14ef19750_0;
    %cmpi/e 13, 0, 8;
    %flag_or 4, 8;
T_4.51;
    %jmp/0xz  T_4.49, 4;
    %pushi/vec4 1, 0, 1;
    %store/vec4 v0x14ef1a0c0_0, 0, 1;
T_4.49 ;
    %load/vec4 v0x14ef19750_0;
    %cmpi/e 97, 0, 8;
    %jmp/1 T_4.64, 4;
    %flag_mov 8, 4;
    %load/vec4 v0x14ef19750_0;
    %cmpi/e 101, 0, 8;
    %flag_or 4, 8;
T_4.64;
    %jmp/1 T_4.63, 4;
    %flag_mov 8, 4;
    %load/vec4 v0x14ef19750_0;
    %cmpi/e 105, 0, 8;
    %flag_or 4, 8;
T_4.63;
    %jmp/1 T_4.62, 4;
    %flag_mov 8, 4;
    %load/vec4 v0x14ef19750_0;
    %cmpi/e 111, 0, 8;
    %flag_or 4, 8;
T_4.62;
    %jmp/1 T_4.61, 4;
    %flag_mov 8, 4;
    %load/vec4 v0x14ef19750_0;
    %cmpi/e 117, 0, 8;
    %flag_or 4, 8;
T_4.61;
    %jmp/1 T_4.60, 4;
    %flag_mov 8, 4;
    %load/vec4 v0x14ef19750_0;
    %cmpi/e 65, 0, 8;
    %flag_or 4, 8;
T_4.60;
    %jmp/1 T_4.59, 4;
    %flag_mov 8, 4;
    %load/vec4 v0x14ef19750_0;
    %cmpi/e 69, 0, 8;
    %flag_or 4, 8;
T_4.59;
    %jmp/1 T_4.58, 4;
    %flag_mov 8, 4;
    %load/vec4 v0x14ef19750_0;
    %cmpi/e 73, 0, 8;
    %flag_or 4, 8;
T_4.58;
    %jmp/1 T_4.57, 4;
    %flag_mov 8, 4;
    %load/vec4 v0x14ef19750_0;
    %cmpi/e 79, 0, 8;
    %flag_or 4, 8;
T_4.57;
    %jmp/1 T_4.56, 4;
    %flag_mov 8, 4;
    %load/vec4 v0x14ef19750_0;
    %cmpi/e 85, 0, 8;
    %flag_or 4, 8;
T_4.56;
    %jmp/0xz  T_4.54, 4;
    %pushi/vec4 1, 0, 1;
    %store/vec4 v0x14ef1a020_0, 0, 1;
T_4.54 ;
    %load/vec4 v0x14ef19ee0_0;
    %load/vec4 v0x14ef197f0_0;
    %or;
    %load/vec4 v0x14ef19b60_0;
    %or;
    %load/vec4 v0x14ef199e0_0;
    %or;
    %load/vec4 v0x14ef19db0_0;
    %or;
    %load/vec4 v0x14ef19e40_0;
    %or;
    %load/vec4 v0x14ef19ca0_0;
    %or;
    %load/vec4 v0x14ef19940_0;
    %or;
    %load/vec4 v0x14ef19ac0_0;
    %or;
    %load/vec4 v0x14ef1a0c0_0;
    %or;
    %nor/r;
    %flag_set/vec4 8;
    %jmp/0xz  T_4.65, 8;
    %pushi/vec4 1, 0, 1;
    %store/vec4 v0x14ef19c00_0, 0, 1;
T_4.65 ;
    %load/vec4 v0x14ef19750_0;
    %cmpi/e 0, 0, 8;
    %jmp/1 T_4.69, 4;
    %flag_mov 8, 4;
    %load/vec4 v0x14ef19750_0;
    %cmpi/e 10, 0, 8;
    %flag_or 4, 8;
T_4.69;
    %jmp/0xz  T_4.67, 4;
    %pushi/vec4 1, 0, 1;
    %store/vec4 v0x14ef19f80_0, 0, 1;
T_4.67 ;
    %load/vec4 v0x14ef19ee0_0;
    %flag_set/vec4 9;
    %jmp/1 T_4.73, 9;
    %load/vec4 v0x14ef197f0_0;
    %flag_set/vec4 10;
    %flag_or 9, 10;
T_4.73;
    %flag_get/vec4 9;
    %jmp/0 T_4.72, 9;
    %load/vec4 v0x14ef1a020_0;
    %nor/r;
    %and;
T_4.72;
    %flag_set/vec4 8;
    %jmp/0xz  T_4.70, 8;
    %pushi/vec4 1, 0, 1;
    %store/vec4 v0x14ef19890_0, 0, 1;
T_4.70 ;
    %jmp T_4;
    .thread T_4, $push;
    .scope S_0x14ef18c30;
T_5 ;
    %wait E_0x14ef073f0;
    %load/vec4 v0x14ef1c880_0;
    %flag_set/vec4 8;
    %jmp/0xz  T_5.0, 8;
    %pushi/vec4 0, 0, 1;
    %assign/vec4 v0x14ef1cb90_0, 0;
    %pushi/vec4 11, 0, 5;
    %assign/vec4 v0x14ef1cc20_0, 0;
    %pushi/vec4 0, 0, 1;
    %assign/vec4 v0x14ef1c910_0, 0;
    %pushi/vec4 0, 0, 1;
    %assign/vec4 v0x14ef1c2d0_0, 0;
    %pushi/vec4 1, 0, 1;
    %assign/vec4 v0x14ef1bb80_0, 0;
    %pushi/vec4 0, 0, 1;
    %assign/vec4 v0x14ef1c060_0, 0;
    %jmp T_5.1;
T_5.0 ;
    %load/vec4 v0x14ef1cc20_0;
    %subi 1, 0, 5;
    %assign/vec4 v0x14ef1cc20_0, 0;
    %pushi/vec4 0, 0, 1;
    %assign/vec4 v0x14ef1cb90_0, 0;
    %load/vec4 v0x14ef1cc20_0;
    %nor/r;
    %flag_set/vec4 8;
    %jmp/0xz  T_5.2, 8;
    %pushi/vec4 1, 0, 1;
    %assign/vec4 v0x14ef1cb90_0, 0;
    %pushi/vec4 11, 0, 5;
    %assign/vec4 v0x14ef1cc20_0, 0;
T_5.2 ;
    %load/vec4 v0x14ef1cac0_0;
    %cmpi/e 3, 0, 4;
    %flag_get/vec4 4;
    %jmp/0 T_5.6, 4;
    %load/vec4 v0x14ef1bb80_0;
    %nor/r;
    %and;
T_5.6;
    %flag_set/vec4 8;
    %jmp/0xz  T_5.4, 8;
    %pushi/vec4 1, 0, 1;
    %assign/vec4 v0x14ef1c2d0_0, 0;
    %pushi/vec4 1, 0, 1;
    %assign/vec4 v0x14ef1bb80_0, 0;
    %load/vec4 v0x14ef1ca30_0;
    %assign/vec4 v0x14ef1c060_0, 0;
T_5.4 ;
    %load/vec4 v0x14ef1cac0_0;
    %cmpi/e 0, 0, 4;
    %flag_get/vec4 4;
    %jmp/0 T_5.9, 4;
    %load/vec4 v0x14ef1bb80_0;
    %nor/r;
    %and;
T_5.9;
    %flag_set/vec4 8;
    %jmp/0xz  T_5.7, 8;
    %pushi/vec4 1, 0, 1;
    %assign/vec4 v0x14ef1c2d0_0, 0;
    %pushi/vec4 1, 0, 1;
    %assign/vec4 v0x14ef1c910_0, 0;
    %pushi/vec4 1, 0, 1;
    %assign/vec4 v0x14ef1bb80_0, 0;
T_5.7 ;
    %load/vec4 v0x14ef1cac0_0;
    %cmpi/ne 3, 0, 4;
    %flag_get/vec4 4;
    %jmp/0 T_5.12, 4;
    %load/vec4 v0x14ef1cac0_0;
    %pushi/vec4 0, 0, 4;
    %cmp/ne;
    %flag_get/vec4 4;
    %and;
T_5.12;
    %flag_set/vec4 8;
    %jmp/0xz  T_5.10, 8;
    %pushi/vec4 0, 0, 1;
    %assign/vec4 v0x14ef1bb80_0, 0;
T_5.10 ;
    %load/vec4 v0x14ef1c2d0_0;
    %flag_set/vec4 9;
    %flag_get/vec4 9;
    %jmp/0 T_5.15, 9;
    %load/vec4 v0x14ef1cb90_0;
    %and;
T_5.15;
    %flag_set/vec4 8;
    %jmp/0xz  T_5.13, 8;
    %pushi/vec4 0, 0, 1;
    %assign/vec4 v0x14ef1c2d0_0, 0;
    %pushi/vec4 1, 0, 1;
    %assign/vec4 v0x14ef1c4c0_0, 0;
    %pushi/vec4 1, 0, 1;
    %assign/vec4 v0x14ef1bb80_0, 0;
    %jmp T_5.14;
T_5.13 ;
    %pushi/vec4 0, 0, 1;
    %assign/vec4 v0x14ef1c4c0_0, 0;
T_5.14 ;
    %load/vec4 v0x14ef1cac0_0;
    %cmpi/ne 3, 0, 4;
    %jmp/0xz  T_5.16, 4;
    %pushi/vec4 0, 0, 1;
    %assign/vec4 v0x14ef1c060_0, 0;
T_5.16 ;
    %load/vec4 v0x14ef1c910_0;
    %flag_set/vec4 9;
    %flag_get/vec4 9;
    %jmp/0 T_5.20, 9;
    %load/vec4 v0x14ef1c2d0_0;
    %nor/r;
    %and;
T_5.20;
    %flag_set/vec4 8;
    %jmp/0xz  T_5.18, 8;
    %pushi/vec4 0, 0, 1;
    %assign/vec4 v0x14ef1c910_0, 0;
T_5.18 ;
T_5.1 ;
    %jmp T_5;
    .thread T_5;
    .scope S_0x14ef05b00;
T_6 ;
    %pushi/vec4 0, 0, 1;
    %store/vec4 v0x14ef1d7c0_0, 0, 1;
    %end;
    .thread T_6, $init;
    .scope S_0x14ef05b00;
T_7 ;
    %delay 1, 0;
    %load/vec4 v0x14ef1d7c0_0;
    %nor/r;
    %store/vec4 v0x14ef1d7c0_0, 0, 1;
    %jmp T_7;
    .thread T_7;
    .scope S_0x14ef05b00;
T_8 ;
    %vpi_call/w 3 76 "$dumpvars" {0 0 0};
    %pushi/vec4 0, 0, 8;
    %store/vec4 v0x14ef1d5f0_0, 0, 8;
    %pushi/vec4 0, 0, 1;
    %store/vec4 v0x14ef1d6e0_0, 0, 1;
    %pushi/vec4 1, 0, 1;
    %store/vec4 v0x14ef1d920_0, 0, 1;
    %pushi/vec4 100, 0, 8;
    %store/vec4 v0x14ef18b70_0, 0, 8;
    %fork TD_rk_test.cntclk, S_0x14ef090d0;
    %join;
    %pushi/vec4 0, 0, 1;
    %store/vec4 v0x14ef1d920_0, 0, 1;
    %pushi/vec4 100, 0, 8;
    %store/vec4 v0x14ef18b70_0, 0, 8;
    %fork TD_rk_test.cntclk, S_0x14ef090d0;
    %join;
    %pushi/vec4 0, 0, 32; draw_string_vec4
    %pushi/vec4 0, 0, 32; draw_string_vec4
    %concat/vec4; draw_string_vec4
    %pushi/vec4 0, 0, 32; draw_string_vec4
    %concat/vec4; draw_string_vec4
    %pushi/vec4 0, 0, 32; draw_string_vec4
    %concat/vec4; draw_string_vec4
    %pushi/vec4 0, 0, 32; draw_string_vec4
    %concat/vec4; draw_string_vec4
    %pushi/vec4 0, 0, 32; draw_string_vec4
    %concat/vec4; draw_string_vec4
    %pushi/vec4 0, 0, 32; draw_string_vec4
    %concat/vec4; draw_string_vec4
    %pushi/vec4 0, 0, 32; draw_string_vec4
    %concat/vec4; draw_string_vec4
    %pushi/vec4 0, 0, 32; draw_string_vec4
    %concat/vec4; draw_string_vec4
    %pushi/vec4 0, 0, 32; draw_string_vec4
    %concat/vec4; draw_string_vec4
    %pushi/vec4 0, 0, 32; draw_string_vec4
    %concat/vec4; draw_string_vec4
    %pushi/vec4 0, 0, 32; draw_string_vec4
    %concat/vec4; draw_string_vec4
    %pushi/vec4 0, 0, 32; draw_string_vec4
    %concat/vec4; draw_string_vec4
    %pushi/vec4 0, 0, 32; draw_string_vec4
    %concat/vec4; draw_string_vec4
    %pushi/vec4 0, 0, 32; draw_string_vec4
    %concat/vec4; draw_string_vec4
    %pushi/vec4 0, 0, 32; draw_string_vec4
    %concat/vec4; draw_string_vec4
    %pushi/vec4 0, 0, 32; draw_string_vec4
    %concat/vec4; draw_string_vec4
    %pushi/vec4 0, 0, 32; draw_string_vec4
    %concat/vec4; draw_string_vec4
    %pushi/vec4 0, 0, 32; draw_string_vec4
    %concat/vec4; draw_string_vec4
    %pushi/vec4 0, 0, 32; draw_string_vec4
    %concat/vec4; draw_string_vec4
    %pushi/vec4 0, 0, 32; draw_string_vec4
    %concat/vec4; draw_string_vec4
    %pushi/vec4 0, 0, 32; draw_string_vec4
    %concat/vec4; draw_string_vec4
    %pushi/vec4 0, 0, 32; draw_string_vec4
    %concat/vec4; draw_string_vec4
    %pushi/vec4 40, 0, 32; draw_string_vec4
    %concat/vec4; draw_string_vec4
    %pushi/vec4 724644393, 0, 32; draw_string_vec4
    %concat/vec4; draw_string_vec4
    %store/vec4 v0x14ef1d540_0, 0, 800;
    %fork TD_rk_test.transmit, S_0x14ef1d0a0;
    %join;
    %pushi/vec4 0, 0, 32; draw_string_vec4
    %pushi/vec4 0, 0, 32; draw_string_vec4
    %concat/vec4; draw_string_vec4
    %pushi/vec4 0, 0, 32; draw_string_vec4
    %concat/vec4; draw_string_vec4
    %pushi/vec4 0, 0, 32; draw_string_vec4
    %concat/vec4; draw_string_vec4
    %pushi/vec4 0, 0, 32; draw_string_vec4
    %concat/vec4; draw_string_vec4
    %pushi/vec4 0, 0, 32; draw_string_vec4
    %concat/vec4; draw_string_vec4
    %pushi/vec4 0, 0, 32; draw_string_vec4
    %concat/vec4; draw_string_vec4
    %pushi/vec4 0, 0, 32; draw_string_vec4
    %concat/vec4; draw_string_vec4
    %pushi/vec4 0, 0, 32; draw_string_vec4
    %concat/vec4; draw_string_vec4
    %pushi/vec4 0, 0, 32; draw_string_vec4
    %concat/vec4; draw_string_vec4
    %pushi/vec4 0, 0, 32; draw_string_vec4
    %concat/vec4; draw_string_vec4
    %pushi/vec4 0, 0, 32; draw_string_vec4
    %concat/vec4; draw_string_vec4
    %pushi/vec4 0, 0, 32; draw_string_vec4
    %concat/vec4; draw_string_vec4
    %pushi/vec4 0, 0, 32; draw_string_vec4
    %concat/vec4; draw_string_vec4
    %pushi/vec4 0, 0, 32; draw_string_vec4
    %concat/vec4; draw_string_vec4
    %pushi/vec4 0, 0, 32; draw_string_vec4
    %concat/vec4; draw_string_vec4
    %pushi/vec4 0, 0, 32; draw_string_vec4
    %concat/vec4; draw_string_vec4
    %pushi/vec4 0, 0, 32; draw_string_vec4
    %concat/vec4; draw_string_vec4
    %pushi/vec4 0, 0, 32; draw_string_vec4
    %concat/vec4; draw_string_vec4
    %pushi/vec4 0, 0, 32; draw_string_vec4
    %concat/vec4; draw_string_vec4
    %pushi/vec4 0, 0, 32; draw_string_vec4
    %concat/vec4; draw_string_vec4
    %pushi/vec4 0, 0, 32; draw_string_vec4
    %concat/vec4; draw_string_vec4
    %pushi/vec4 0, 0, 32; draw_string_vec4
    %concat/vec4; draw_string_vec4
    %pushi/vec4 40, 0, 32; draw_string_vec4
    %concat/vec4; draw_string_vec4
    %pushi/vec4 724648233, 0, 32; draw_string_vec4
    %concat/vec4; draw_string_vec4
    %store/vec4 v0x14ef1d540_0, 0, 800;
    %fork TD_rk_test.transmit, S_0x14ef1d0a0;
    %join;
    %pushi/vec4 200, 0, 8;
    %store/vec4 v0x14ef18b70_0, 0, 8;
    %fork TD_rk_test.cntclk, S_0x14ef090d0;
    %join;
    %vpi_call/w 3 90 "$finish" {0 0 0};
    %end;
    .thread T_8;
# The file index is used to find the file name in the following table.
:file_names 7;
    "N/A";
    "<interactive>";
    "-";
    "rk_test.v";
    "../lib/automat.v";
    "../lib/ascii_type_detector.v";
    "task.v";
